#
# There is insufficient memory for the Java Runtime Environment to continue.
# Native memory allocation (malloc) failed to allocate 32744 bytes for ChunkPool::allocate
# Possible reasons:
#   The system is out of physical RAM or swap space
#   In 32 bit mode, the process size limit was hit
# Possible solutions:
#   Reduce memory load on the system
#   Increase physical memory or swap space
#   Check if swap backing store is full
#   Use 64 bit Java on a 64 bit OS
#   Decrease Java heap size (-Xmx/-Xms)
#   Decrease number of Java threads
#   Decrease Java thread stack sizes (-Xss)
#   Set larger code cache with -XX:ReservedCodeCacheSize=
# This output file may be truncated or incomplete.
#
#  Out of Memory Error (allocation.cpp:273), pid=924, tid=0x000000000000100c
#
# JRE version: OpenJDK Runtime Environment (8.0_152-b02) (build 1.8.0_152-release-1024-b02)
# Java VM: OpenJDK 64-Bit Server VM (25.152-b02 mixed mode windows-amd64 compressed oops)
# Failed to write core dump. Minidumps are not enabled by default on client versions of Windows
#

---------------  T H R E A D  ---------------

Current thread (0x0000000016238000):  JavaThread "C2 CompilerThread0" daemon [_thread_in_native, id=4108, stack(0x00000000178b0000,0x00000000179b0000)]

Stack: [0x00000000178b0000,0x00000000179b0000]
[error occurred during error reporting (printing stack bounds), id 0xc0000005]

Native frames: (J=compiled Java code, j=interpreted, Vv=VM code, C=native code)


Current CompileTask:
C2:  21840 2224       4       java.util.Arrays::binarySearch0 (95 bytes)


---------------  P R O C E S S  ---------------

Java Threads: ( => current thread )
  0x000000001aed3000 JavaThread "Cache worker for Artifact transforms cache (C:\Users\User\.gradle\caches\transforms-1)" [_thread_blocked, id=11656, stack(0x000000001e760000,0x000000001e860000)]
  0x000000001b070800 JavaThread "Cache worker for file hash cache (C:\Users\User\StudioProjects\Horario\.gradle\4.4\fileHashes)" [_thread_blocked, id=6204, stack(0x000000001be00000,0x000000001bf00000)]
  0x0000000019475000 JavaThread "File lock request listener" [_thread_in_native, id=4296, stack(0x000000001ad30000,0x000000001ae30000)]
  0x000000001911e000 JavaThread "Cache worker for file hash cache (C:\Users\User\.gradle\caches\4.4\fileHashes)" [_thread_blocked, id=6500, stack(0x000000001ac30000,0x000000001ad30000)]
  0x000000001911b000 JavaThread "Stdin handler" [_thread_blocked, id=13168, stack(0x000000001a930000,0x000000001aa30000)]
  0x0000000019118000 JavaThread "Asynchronous log dispatcher for DefaultDaemonConnection: socket connection from /127.0.0.1:56009 to /127.0.0.1:56010" [_thread_blocked, id=9768, stack(0x000000001a830000,0x000000001a930000)]
  0x000000001910d800 JavaThread "Daemon worker" [_thread_in_native, id=3100, stack(0x000000001a730000,0x000000001a830000)]
  0x000000001910c000 JavaThread "Cancel handler" [_thread_blocked, id=8652, stack(0x000000001a630000,0x000000001a730000)]
  0x000000001924b800 JavaThread "Handler for socket connection from /127.0.0.1:56009 to /127.0.0.1:56010" [_thread_in_native, id=124, stack(0x000000001a330000,0x000000001a430000)]
  0x00000000190e3800 JavaThread "Daemon" [_thread_blocked, id=7936, stack(0x000000001a230000,0x000000001a330000)]
  0x00000000190d5800 JavaThread "Daemon periodic checks" [_thread_blocked, id=9632, stack(0x000000001a130000,0x000000001a230000)]
  0x0000000018eb0800 JavaThread "Incoming local TCP Connector on port 56009" [_thread_in_native, id=260, stack(0x0000000019ec0000,0x0000000019fc0000)]
  0x000000001628d800 JavaThread "Service Thread" daemon [_thread_blocked, id=6988, stack(0x0000000017fb0000,0x00000000180b0000)]
  0x000000001625b800 JavaThread "C1 CompilerThread2" daemon [_thread_blocked, id=9056, stack(0x0000000017ab0000,0x0000000017bb0000)]
  0x000000001622e000 JavaThread "C2 CompilerThread1" daemon [_thread_in_native, id=3732, stack(0x00000000179b0000,0x0000000017ab0000)]
=>0x0000000016238000 JavaThread "C2 CompilerThread0" daemon [_thread_in_native, id=4108, stack(0x00000000178b0000,0x00000000179b0000)]
  0x0000000016235000 JavaThread "Attach Listener" daemon [_thread_blocked, id=8032, stack(0x00000000177b0000,0x00000000178b0000)]
  0x0000000016234000 JavaThread "Signal Dispatcher" daemon [_thread_blocked, id=8188, stack(0x00000000176b0000,0x00000000177b0000)]
  0x00000000028bc800 JavaThread "Finalizer" daemon [_thread_blocked, id=10692, stack(0x0000000017490000,0x0000000017590000)]
  0x00000000028b1800 JavaThread "Reference Handler" daemon [_thread_blocked, id=5084, stack(0x0000000017390000,0x0000000017490000)]
  0x00000000027ad800 JavaThread "main" [_thread_blocked, id=10676, stack(0x00000000025d0000,0x00000000026d0000)]

Other Threads:
  0x00000000161f5800 VMThread [stack: 0x0000000017290000,0x0000000017390000] [id=8544]
  0x0000000017bd5800 WatcherThread [stack: 0x00000000180b0000,0x00000000181b0000] [id=5036]

VM state:not at safepoint (normal execution)

VM Mutex/Monitor currently owned by a thread: None

Heap:
 PSYoungGen      total 68096K, used 13431K [0x00000000e0000000, 0x00000000e4500000, 0x0000000100000000)
  eden space 65536K, 16% used [0x00000000e0000000,0x00000000e0a9dce8,0x00000000e4000000)
  from space 2560K, 100% used [0x00000000e4280000,0x00000000e4500000,0x00000000e4500000)
  to   space 2560K, 0% used [0x00000000e4000000,0x00000000e4000000,0x00000000e4280000)
 ParOldGen       total 42496K, used 15812K [0x00000000a0000000, 0x00000000a2980000, 0x00000000e0000000)
  object space 42496K, 37% used [0x00000000a0000000,0x00000000a0f71110,0x00000000a2980000)
 Metaspace       used 27049K, capacity 27732K, committed 28032K, reserved 1073152K
  class space    used 3704K, capacity 3886K, committed 3968K, reserved 1048576K

Card table byte_map: [0x0000000011c80000,0x0000000011f90000] byte_map_base: 0x0000000011780000

Marking Bits: (ParMarkBitMap*) 0x0000000059864970
 Begin Bits: [0x0000000012590000, 0x0000000013d90000)
 End Bits:   [0x0000000013d90000, 0x0000000015590000)

Polling page: 0x00000000009d0000

CodeCache: size=245760Kb used=8981Kb max_used=8981Kb free=236778Kb
 bounds [0x00000000028c0000, 0x0000000003190000, 0x00000000118c0000]
 total_blobs=2900 nmethods=2255 adapters=558
 compilation: enabled

Compilation events (10 events):
Event: 21.258 Thread 0x000000001625b800 2272       3       java.util.Arrays$ArrayList::indexOf (62 bytes)
Event: 21.259 Thread 0x000000001625b800 nmethod 2272 0x0000000003166d90 code [0x0000000003166f20, 0x00000000031673c8]
Event: 21.259 Thread 0x000000001625b800 2273       3       org.objectweb.asm.MethodWriter::visitJumpInsn (390 bytes)
Event: 21.261 Thread 0x000000001625b800 nmethod 2273 0x0000000003167550 code [0x0000000003167800, 0x0000000003168678]
Event: 21.261 Thread 0x000000001625b800 2275       3       org.objectweb.asm.Frame::initInputFrame (158 bytes)
Event: 21.262 Thread 0x000000001625b800 nmethod 2275 0x0000000003168d90 code [0x0000000003168fa0, 0x0000000003169ad8]
Event: 21.262 Thread 0x000000001625b800 2274       3       org.objectweb.asm.Label::put (83 bytes)
Event: 21.263 Thread 0x000000001625b800 nmethod 2274 0x000000000316a310 code [0x000000000316a4e0, 0x000000000316a8f8]
Event: 21.263 Thread 0x000000001625b800 2276       1       org.gradle.internal.reflect.ReflectionCache$CacheEntry::access$200 (5 bytes)
Event: 21.263 Thread 0x000000001625b800 nmethod 2276 0x000000000316ab10 code [0x000000000316ac60, 0x000000000316ad50]

GC Heap History (10 events):
Event: 3.651 GC heap before
{Heap before GC invocations=3 (full 0):
 PSYoungGen      total 35328K, used 35327K [0x00000000e0000000, 0x00000000e2500000, 0x0000000100000000)
  eden space 32768K, 100% used [0x00000000e0000000,0x00000000e2000000,0x00000000e2000000)
  from space 2560K, 99% used [0x00000000e2280000,0x00000000e24ffce8,0x00000000e2500000)
  to   space 2560K, 0% used [0x00000000e2000000,0x00000000e2000000,0x00000000e2280000)
 ParOldGen       total 44032K, used 485K [0x00000000a0000000, 0x00000000a2b00000, 0x00000000e0000000)
  object space 44032K, 1% used [0x00000000a0000000,0x00000000a0079680,0x00000000a2b00000)
 Metaspace       used 11469K, capacity 11852K, committed 12160K, reserved 1060864K
  class space    used 1514K, capacity 1632K, committed 1664K, reserved 1048576K
Event: 3.665 GC heap after
Heap after GC invocations=3 (full 0):
 PSYoungGen      total 35328K, used 2528K [0x00000000e0000000, 0x00000000e4500000, 0x0000000100000000)
  eden space 32768K, 0% used [0x00000000e0000000,0x00000000e0000000,0x00000000e2000000)
  from space 2560K, 98% used [0x00000000e2000000,0x00000000e2278020,0x00000000e2280000)
  to   space 2560K, 0% used [0x00000000e4280000,0x00000000e4280000,0x00000000e4500000)
 ParOldGen       total 44032K, used 3499K [0x00000000a0000000, 0x00000000a2b00000, 0x00000000e0000000)
  object space 44032K, 7% used [0x00000000a0000000,0x00000000a036ad20,0x00000000a2b00000)
 Metaspace       used 11469K, capacity 11852K, committed 12160K, reserved 1060864K
  class space    used 1514K, capacity 1632K, committed 1664K, reserved 1048576K
}
Event: 5.681 GC heap before
{Heap before GC invocations=4 (full 0):
 PSYoungGen      total 35328K, used 35296K [0x00000000e0000000, 0x00000000e4500000, 0x0000000100000000)
  eden space 32768K, 100% used [0x00000000e0000000,0x00000000e2000000,0x00000000e2000000)
  from space 2560K, 98% used [0x00000000e2000000,0x00000000e2278020,0x00000000e2280000)
  to   space 2560K, 0% used [0x00000000e4280000,0x00000000e4280000,0x00000000e4500000)
 ParOldGen       total 44032K, used 3499K [0x00000000a0000000, 0x00000000a2b00000, 0x00000000e0000000)
  object space 44032K, 7% used [0x00000000a0000000,0x00000000a036ad20,0x00000000a2b00000)
 Metaspace       used 14420K, capacity 14782K, committed 14976K, reserved 1062912K
  class space    used 2009K, capacity 2127K, committed 2176K, reserved 1048576K
Event: 5.706 GC heap after
Heap after GC invocations=4 (full 0):
 PSYoungGen      total 68096K, used 2528K [0x00000000e0000000, 0x00000000e4500000, 0x0000000100000000)
  eden space 65536K, 0% used [0x00000000e0000000,0x00000000e0000000,0x00000000e4000000)
  from space 2560K, 98% used [0x00000000e4280000,0x00000000e44f8020,0x00000000e4500000)
  to   space 2560K, 0% used [0x00000000e4000000,0x00000000e4000000,0x00000000e4280000)
 ParOldGen       total 44032K, used 7207K [0x00000000a0000000, 0x00000000a2b00000, 0x00000000e0000000)
  object space 44032K, 16% used [0x00000000a0000000,0x00000000a0709c50,0x00000000a2b00000)
 Metaspace       used 14420K, capacity 14782K, committed 14976K, reserved 1062912K
  class space    used 2009K, capacity 2127K, committed 2176K, reserved 1048576K
}
Event: 12.139 GC heap before
{Heap before GC invocations=5 (full 0):
 PSYoungGen      total 68096K, used 49901K [0x00000000e0000000, 0x00000000e4500000, 0x0000000100000000)
  eden space 65536K, 72% used [0x00000000e0000000,0x00000000e2e43668,0x00000000e4000000)
  from space 2560K, 98% used [0x00000000e4280000,0x00000000e44f8020,0x00000000e4500000)
  to   space 2560K, 0% used [0x00000000e4000000,0x00000000e4000000,0x00000000e4280000)
 ParOldGen       total 44032K, used 7207K [0x00000000a0000000, 0x00000000a2b00000, 0x00000000e0000000)
  object space 44032K, 16% used [0x00000000a0000000,0x00000000a0709c50,0x00000000a2b00000)
 Metaspace       used 20785K, capacity 21208K, committed 21248K, reserved 1067008K
  class space    used 2900K, capacity 3043K, committed 3072K, reserved 1048576K
Event: 12.162 GC heap after
Heap after GC invocations=5 (full 0):
 PSYoungGen      total 68096K, used 2548K [0x00000000e0000000, 0x00000000e4500000, 0x0000000100000000)
  eden space 65536K, 0% used [0x00000000e0000000,0x00000000e0000000,0x00000000e4000000)
  from space 2560K, 99% used [0x00000000e4000000,0x00000000e427d040,0x00000000e4280000)
  to   space 2560K, 0% used [0x00000000e4280000,0x00000000e4280000,0x00000000e4500000)
 ParOldGen       total 44032K, used 13832K [0x00000000a0000000, 0x00000000a2b00000, 0x00000000e0000000)
  object space 44032K, 31% used [0x00000000a0000000,0x00000000a0d82178,0x00000000a2b00000)
 Metaspace       used 20785K, capacity 21208K, committed 21248K, reserved 1067008K
  class space    used 2900K, capacity 3043K, committed 3072K, reserved 1048576K
}
Event: 12.162 GC heap before
{Heap before GC invocations=6 (full 1):
 PSYoungGen      total 68096K, used 2548K [0x00000000e0000000, 0x00000000e4500000, 0x0000000100000000)
  eden space 65536K, 0% used [0x00000000e0000000,0x00000000e0000000,0x00000000e4000000)
  from space 2560K, 99% used [0x00000000e4000000,0x00000000e427d040,0x00000000e4280000)
  to   space 2560K, 0% used [0x00000000e4280000,0x00000000e4280000,0x00000000e4500000)
 ParOldGen       total 44032K, used 13832K [0x00000000a0000000, 0x00000000a2b00000, 0x00000000e0000000)
  object space 44032K, 31% used [0x00000000a0000000,0x00000000a0d82178,0x00000000a2b00000)
 Metaspace       used 20785K, capacity 21208K, committed 21248K, reserved 1067008K
  class space    used 2900K, capacity 3043K, committed 3072K, reserved 1048576K
Event: 12.357 GC heap after
Heap after GC invocations=6 (full 1):
 PSYoungGen      total 68096K, used 0K [0x00000000e0000000, 0x00000000e4500000, 0x0000000100000000)
  eden space 65536K, 0% used [0x00000000e0000000,0x00000000e0000000,0x00000000e4000000)
  from space 2560K, 0% used [0x00000000e4000000,0x00000000e4000000,0x00000000e4280000)
  to   space 2560K, 0% used [0x00000000e4280000,0x00000000e4280000,0x00000000e4500000)
 ParOldGen       total 42496K, used 11559K [0x00000000a0000000, 0x00000000a2980000, 0x00000000e0000000)
  object space 42496K, 27% used [0x00000000a0000000,0x00000000a0b49fe0,0x00000000a2980000)
 Metaspace       used 20785K, capacity 21208K, committed 21248K, reserved 1067008K
  class space    used 2900K, capacity 3043K, committed 3072K, reserved 1048576K
}
Event: 20.779 GC heap before
{Heap before GC invocations=7 (full 1):
 PSYoungGen      total 68096K, used 65536K [0x00000000e0000000, 0x00000000e4500000, 0x0000000100000000)
  eden space 65536K, 100% used [0x00000000e0000000,0x00000000e4000000,0x00000000e4000000)
  from space 2560K, 0% used [0x00000000e4000000,0x00000000e4000000,0x00000000e4280000)
  to   space 2560K, 0% used [0x00000000e4280000,0x00000000e4280000,0x00000000e4500000)
 ParOldGen       total 42496K, used 11559K [0x00000000a0000000, 0x00000000a2980000, 0x00000000e0000000)
  object space 42496K, 27% used [0x00000000a0000000,0x00000000a0b49fe0,0x00000000a2980000)
 Metaspace       used 26526K, capacity 27056K, committed 27136K, reserved 1073152K
  class space    used 3643K, capacity 3813K, committed 3840K, reserved 1048576K
Event: 20.796 GC heap after
Heap after GC invocations=7 (full 1):
 PSYoungGen      total 68096K, used 2560K [0x00000000e0000000, 0x00000000e4500000, 0x0000000100000000)
  eden space 65536K, 0% used [0x00000000e0000000,0x00000000e0000000,0x00000000e4000000)
  from space 2560K, 100% used [0x00000000e4280000,0x00000000e4500000,0x00000000e4500000)
  to   space 2560K, 0% used [0x00000000e4000000,0x00000000e4000000,0x00000000e4280000)
 ParOldGen       total 42496K, used 15812K [0x00000000a0000000, 0x00000000a2980000, 0x00000000e0000000)
  object space 42496K, 37% used [0x00000000a0000000,0x00000000a0f71110,0x00000000a2980000)
 Metaspace       used 26526K, capacity 27056K, committed 27136K, reserved 1073152K
  class space    used 3643K, capacity 3813K, committed 3840K, reserved 1048576K
}

Deoptimization events (10 events):
Event: 13.089 Thread 0x000000001910d800 Uncommon trap: reason=class_check action=maybe_recompile pc=0x0000000002a88eb4 method=sun.misc.URLClassPath.getLoader(I)Lsun/misc/URLClassPath$Loader; @ 239
Event: 13.107 Thread 0x000000001910d800 Uncommon trap: reason=class_check action=maybe_recompile pc=0x0000000002a88eb4 method=sun.misc.URLClassPath.getLoader(I)Lsun/misc/URLClassPath$Loader; @ 239
Event: 13.478 Thread 0x000000001910d800 Uncommon trap: reason=class_check action=maybe_recompile pc=0x0000000002a88eb4 method=sun.misc.URLClassPath.getLoader(I)Lsun/misc/URLClassPath$Loader; @ 239
Event: 14.878 Thread 0x000000001910d800 Uncommon trap: reason=unstable_if action=reinterpret pc=0x0000000002cda3e0 method=java.util.HashMap.hash(Ljava/lang/Object;)I @ 1
Event: 14.995 Thread 0x000000001910d800 Uncommon trap: reason=unstable_if action=reinterpret pc=0x0000000002bc8e68 method=java.util.HashMap.hash(Ljava/lang/Object;)I @ 1
Event: 15.321 Thread 0x000000001910d800 Uncommon trap: reason=unstable_if action=reinterpret pc=0x0000000002b3a18c method=java.io.WinNTFileSystem.resolve(Ljava/lang/String;Ljava/lang/String;)Ljava/lang/String; @ 49
Event: 17.257 Thread 0x000000001910d800 Uncommon trap: reason=unstable_if action=reinterpret pc=0x00000000030a708c method=org.objectweb.asm.Type.getDescriptor(Ljava/lang/StringBuilder;Ljava/lang/Class;)V @ 127
Event: 20.797 Thread 0x00000000028b1800 Uncommon trap: reason=unstable_if action=reinterpret pc=0x0000000002ecb5f8 method=java.lang.ref.Reference.tryHandlePending(Z)Z @ 104
Event: 21.025 Thread 0x000000001910d800 Uncommon trap: reason=unstable_if action=reinterpret pc=0x0000000002a202e8 method=java.lang.Class$MethodArray.addIfNotPresent(Ljava/lang/reflect/Method;)V @ 19
Event: 21.027 Thread 0x000000001910d800 Uncommon trap: reason=unstable_if action=reinterpret pc=0x00000000029cff3c method=java.lang.Class$MethodArray.addIfNotPresent(Ljava/lang/reflect/Method;)V @ 19

Classes redefined (0 events):
No events

Internal exceptions (10 events):
Event: 21.022 Thread 0x000000001910d800 Exception <a 'java/lang/ClassNotFoundException': java/util/AbstractCollectionBeanInfo> (0x00000000e03b56d8) thrown at [D:\src\AOSP-openjdk-cygwin\jdk8u\hotspot\src\share\vm\classfile\systemDictionary.cpp, line 210]
Event: 21.023 Thread 0x000000001910d800 Exception <a 'java/lang/ClassNotFoundException': java/util/AbstractCollectionCustomizer> (0x00000000e03bc2c0) thrown at [D:\src\AOSP-openjdk-cygwin\jdk8u\hotspot\src\share\vm\classfile\systemDictionary.cpp, line 210]
Event: 21.025 Thread 0x000000001910d800 Exception <a 'java/lang/ClassNotFoundException': java/util/AbstractSetCustomizer> (0x00000000e03cf0a8) thrown at [D:\src\AOSP-openjdk-cygwin\jdk8u\hotspot\src\share\vm\classfile\systemDictionary.cpp, line 210]
Event: 21.027 Thread 0x000000001910d800 Exception <a 'java/lang/ClassNotFoundException': java/util/HashSetCustomizer> (0x00000000e03daea8) thrown at [D:\src\AOSP-openjdk-cygwin\jdk8u\hotspot\src\share\vm\classfile\systemDictionary.cpp, line 210]
Event: 21.131 Thread 0x000000001910d800 Exception <a 'java/lang/ClassNotFoundException': org/gradle/invocation/DefaultGradle_DecoratedBeanInfo> (0x00000000e04be138) thrown at [D:\src\AOSP-openjdk-cygwin\jdk8u\hotspot\src\share\vm\classfile\systemDictionary.cpp, line 210]
Event: 21.132 Thread 0x000000001910d800 Exception <a 'java/lang/ClassNotFoundException': org/gradle/invocation/DefaultGradleBeanInfo> (0x00000000e04e2970) thrown at [D:\src\AOSP-openjdk-cygwin\jdk8u\hotspot\src\share\vm\classfile\systemDictionary.cpp, line 210]
Event: 21.133 Thread 0x000000001910d800 Exception <a 'java/lang/ClassNotFoundException': org/gradle/api/internal/project/AbstractPluginAwareBeanInfo> (0x00000000e050e5d8) thrown at [D:\src\AOSP-openjdk-cygwin\jdk8u\hotspot\src\share\vm\classfile\systemDictionary.cpp, line 210]
Event: 21.134 Thread 0x000000001910d800 Exception <a 'java/lang/ClassNotFoundException': org/gradle/api/internal/project/AbstractPluginAwareCustomizer> (0x00000000e053aca0) thrown at [D:\src\AOSP-openjdk-cygwin\jdk8u\hotspot\src\share\vm\classfile\systemDictionary.cpp, line 210]
Event: 21.135 Thread 0x000000001910d800 Exception <a 'java/lang/ClassNotFoundException': org/gradle/invocation/DefaultGradleCustomizer> (0x00000000e0567810) thrown at [D:\src\AOSP-openjdk-cygwin\jdk8u\hotspot\src\share\vm\classfile\systemDictionary.cpp, line 210]
Event: 21.147 Thread 0x000000001910d800 Exception <a 'java/lang/ClassNotFoundException': org/gradle/invocation/DefaultGradle_DecoratedCustomizer> (0x00000000e05d58e0) thrown at [D:\src\AOSP-openjdk-cygwin\jdk8u\hotspot\src\share\vm\classfile\systemDictionary.cpp, line 210]

Events (10 events):
Event: 21.264 loading class org/gradle/plugin/internal/PluginUsePluginServiceRegistry$SettingsScopeServices
Event: 21.264 loading class org/gradle/plugin/internal/PluginUsePluginServiceRegistry$SettingsScopeServices done
Event: 21.268 loading class org/gradle/initialization/DefaultProjectDescriptorRegistry
Event: 21.268 loading class org/gradle/initialization/DefaultProjectDescriptorRegistry done
Event: 21.270 loading class org/gradle/configuration/InitialPassSettingScriptTarget
Event: 21.270 loading class org/gradle/configuration/InitialPassSettingScriptTarget done
Event: 21.271 loading class org/gradle/configuration/SettingScriptTarget
Event: 21.271 loading class org/gradle/configuration/SettingScriptTarget done
Event: 21.271 loading class org/gradle/initialization/SettingsScript
Event: 21.271 loading class org/gradle/initialization/SettingsScript done


Dynamic libraries:
0x00007ff77ac20000 - 0x00007ff77ac51000 	C:\Program Files\Android\Android Studio\jre\bin\java.exe
0x00007ffe84150000 - 0x00007ffe84331000 	C:\WINDOWS\SYSTEM32\ntdll.dll
0x00007ffe82450000 - 0x00007ffe82502000 	C:\WINDOWS\System32\KERNEL32.DLL
0x00007ffe80920000 - 0x00007ffe80b93000 	C:\WINDOWS\System32\KERNELBASE.dll
0x00007ffe83fe0000 - 0x00007ffe84081000 	C:\WINDOWS\System32\ADVAPI32.dll
0x00007ffe823b0000 - 0x00007ffe8244e000 	C:\WINDOWS\System32\msvcrt.dll
0x00007ffe815b0000 - 0x00007ffe8160b000 	C:\WINDOWS\System32\sechost.dll
0x00007ffe82510000 - 0x00007ffe82634000 	C:\WINDOWS\System32\RPCRT4.dll
0x00007ffe82140000 - 0x00007ffe822d0000 	C:\WINDOWS\System32\USER32.dll
0x00007ffe80570000 - 0x00007ffe80590000 	C:\WINDOWS\System32\win32u.dll
0x00007ffe81d90000 - 0x00007ffe81db8000 	C:\WINDOWS\System32\GDI32.dll
0x00007ffe81410000 - 0x00007ffe815a2000 	C:\WINDOWS\System32\gdi32full.dll
0x00007ffe80880000 - 0x00007ffe8091f000 	C:\WINDOWS\System32\msvcp_win.dll
0x00007ffe80590000 - 0x00007ffe8068a000 	C:\WINDOWS\System32\ucrtbase.dll
0x00007ffe6f830000 - 0x00007ffe6fa99000 	C:\WINDOWS\WinSxS\amd64_microsoft.windows.common-controls_6595b64144ccf1df_6.0.17134.81_none_b4b229fe3cb4cfa3\COMCTL32.dll
0x00007ffe82640000 - 0x00007ffe82963000 	C:\WINDOWS\System32\combase.dll
0x00007ffe804f0000 - 0x00007ffe8056a000 	C:\WINDOWS\System32\bcryptPrimitives.dll
0x00007ffe83fb0000 - 0x00007ffe83fdd000 	C:\WINDOWS\System32\IMM32.DLL
0x0000000058fc0000 - 0x0000000059092000 	C:\Program Files\Android\Android Studio\jre\jre\bin\msvcr100.dll
0x00000000590a0000 - 0x00000000598df000 	C:\Program Files\Android\Android Studio\jre\jre\bin\server\jvm.dll
0x00007ffe81790000 - 0x00007ffe81798000 	C:\WINDOWS\System32\PSAPI.DLL
0x00007ffe71c70000 - 0x00007ffe71c79000 	C:\WINDOWS\SYSTEM32\WSOCK32.dll
0x00007ffe71550000 - 0x00007ffe71573000 	C:\WINDOWS\SYSTEM32\WINMM.dll
0x00007ffe7a430000 - 0x00007ffe7a43a000 	C:\WINDOWS\SYSTEM32\VERSION.dll
0x00007ffe82a40000 - 0x00007ffe82aac000 	C:\WINDOWS\System32\WS2_32.dll
0x00007ffe71520000 - 0x00007ffe7154a000 	C:\WINDOWS\SYSTEM32\WINMMBASE.dll
0x00007ffe81360000 - 0x00007ffe813a9000 	C:\WINDOWS\System32\cfgmgr32.dll
0x00007ffe7e930000 - 0x00007ffe7e93f000 	C:\Program Files\Android\Android Studio\jre\jre\bin\verify.dll
0x00007ffe7ab50000 - 0x00007ffe7ab79000 	C:\Program Files\Android\Android Studio\jre\jre\bin\java.dll
0x00007ffe7ab30000 - 0x00007ffe7ab46000 	C:\Program Files\Android\Android Studio\jre\jre\bin\zip.dll
0x00007ffe82ad0000 - 0x00007ffe83f10000 	C:\WINDOWS\System32\SHELL32.dll
0x00007ffe81e30000 - 0x00007ffe81ed9000 	C:\WINDOWS\System32\shcore.dll
0x00007ffe80ba0000 - 0x00007ffe812ad000 	C:\WINDOWS\System32\windows.storage.dll
0x00007ffe84090000 - 0x00007ffe840e1000 	C:\WINDOWS\System32\shlwapi.dll
0x00007ffe804d0000 - 0x00007ffe804e1000 	C:\WINDOWS\System32\kernel.appcore.dll
0x00007ffe804b0000 - 0x00007ffe804cf000 	C:\WINDOWS\System32\profapi.dll
0x00007ffe80440000 - 0x00007ffe8048c000 	C:\WINDOWS\System32\powrprof.dll
0x00007ffe80430000 - 0x00007ffe8043a000 	C:\WINDOWS\System32\FLTLIB.DLL
0x00007ffe7a9f0000 - 0x00007ffe7aa0a000 	C:\Program Files\Android\Android Studio\jre\jre\bin\net.dll
0x00007ffe7fc50000 - 0x00007ffe7fcb6000 	C:\WINDOWS\system32\mswsock.dll
0x00007ffe7a860000 - 0x00007ffe7a871000 	C:\Program Files\Android\Android Studio\jre\jre\bin\nio.dll
0x00007ffe7e220000 - 0x00007ffe7e23e000 	C:\Users\User\.gradle\native\25\windows-amd64\native-platform.dll
0x00007ffe7bdc0000 - 0x00007ffe7bdcd000 	C:\Program Files\Android\Android Studio\jre\jre\bin\management.dll
0x00007ffe7fe10000 - 0x00007ffe7fe27000 	C:\WINDOWS\SYSTEM32\CRYPTSP.dll
0x00007ffe7f830000 - 0x00007ffe7f863000 	C:\WINDOWS\system32\rsaenh.dll
0x00007ffe7ff30000 - 0x00007ffe7ff55000 	C:\WINDOWS\SYSTEM32\bcrypt.dll
0x00007ffe80360000 - 0x00007ffe80388000 	C:\WINDOWS\SYSTEM32\USERENV.dll
0x00007ffe7fe00000 - 0x00007ffe7fe0b000 	C:\WINDOWS\SYSTEM32\CRYPTBASE.dll
0x00007ffe7f9d0000 - 0x00007ffe7fa08000 	C:\WINDOWS\SYSTEM32\IPHLPAPI.DLL
0x00007ffe82130000 - 0x00007ffe82138000 	C:\WINDOWS\System32\NSI.dll
0x00007ffe77620000 - 0x00007ffe77636000 	C:\WINDOWS\SYSTEM32\dhcpcsvc6.DLL
0x00007ffe77790000 - 0x00007ffe777aa000 	C:\WINDOWS\SYSTEM32\dhcpcsvc.DLL

VM Arguments:
jvm_args: -Xmx1536m -Dfile.encoding=windows-1252 -Duser.country=DE -Duser.language=de -Duser.variant 
java_command: org.gradle.launcher.daemon.bootstrap.GradleDaemon 4.4
java_class_path (initial): C:\Users\User\.gradle\wrapper\dists\gradle-4.4-all\9br9xq1tocpiv8o6njlyu5op1\gradle-4.4\lib\gradle-launcher-4.4.jar
Launcher Type: SUN_STANDARD

Environment Variables:
PATH=C:\ProgramData\Oracle\Java\javapath;C:\Program Files (x86)\Intel\iCLS Client\;C:\Program Files\Intel\iCLS Client\;C:\WINDOWS\system32;C:\WINDOWS;C:\WINDOWS\System32\Wbem;C:\WINDOWS\System32\WindowsPowerShell\v1.0\;C:\Program Files (x86)\Intel\OpenCL SDK\2.0\bin\x86;C:\Program Files (x86)\Intel\OpenCL SDK\2.0\bin\x64;C:\Program Files\Intel\Intel(R) Management Engine Components\DAL;C:\Program Files\Intel\Intel(R) Management Engine Components\IPT;C:\Program Files (x86)\Intel\Intel(R) Management Engine Components\DAL;C:\Program Files (x86)\Intel\Intel(R) Management Engine Components\IPT;C:\Program Files (x86)\Windows Live\Shared;C:\Program Files\Git\cmd;C:\WINDOWS\System32\OpenSSH\;C:\Users\User\AppData\Local\Microsoft\WindowsApps;;C:\Users\User\Documents\Visual_Studio_Code\Microsoft VS Code\bin
USERNAME=User
OS=Windows_NT
PROCESSOR_IDENTIFIER=Intel64 Family 6 Model 58 Stepping 9, GenuineIntel



---------------  S Y S T E M  ---------------

OS: Windows 10.0 , 64 bit Build 17134 (10.0.17134.1)

CPU:total 4 (initial active 4) (2 cores per cpu, 2 threads per core) family 6 model 58 stepping 9, cmov, cx8, fxsr, mmx, sse, sse2, sse3, ssse3, sse4.1, sse4.2, popcnt, avx, aes, clmul, erms, ht, tsc, tscinvbit, tscinv

Memory: 4k page, physical 4066584k(563976k free), swap 16649496k(3556k free)

vm_info: OpenJDK 64-Bit Server VM (25.152-b02) for windows-amd64 JRE (1.8.0_152-release-1024-b02), built by "builder" with MS VC++ 10.0 (VS2010)

time: Sat Jun 09 20:01:58 2018
elapsed time: 21 seconds (0d 0h 0m 21s)

