#
# There is insufficient memory for the Java Runtime Environment to continue.
# Native memory allocation (malloc) failed to allocate 792016 bytes for Chunk::new
# Possible reasons:
#   The system is out of physical RAM or swap space
#   In 32 bit mode, the process size limit was hit
# Possible solutions:
#   Reduce memory load on the system
#   Increase physical memory or swap space
#   Check if swap backing store is full
#   Use 64 bit Java on a 64 bit OS
#   Decrease Java heap size (-Xmx/-Xms)
#   Decrease number of Java threads
#   Decrease Java thread stack sizes (-Xss)
#   Set larger code cache with -XX:ReservedCodeCacheSize=
# This output file may be truncated or incomplete.
#
#  Out of Memory Error (allocation.cpp:390), pid=6560, tid=0x0000000000001e50
#
# JRE version: OpenJDK Runtime Environment (8.0_152-b02) (build 1.8.0_152-release-1024-b02)
# Java VM: OpenJDK 64-Bit Server VM (25.152-b02 mixed mode windows-amd64 compressed oops)
# Failed to write core dump. Minidumps are not enabled by default on client versions of Windows
#

---------------  T H R E A D  ---------------

Current thread (0x0000000016d8a000):  JavaThread "C2 CompilerThread0" daemon [_thread_in_native, id=7760, stack(0x0000000018410000,0x0000000018510000)]

Stack: [0x0000000018410000,0x0000000018510000]
[error occurred during error reporting (printing stack bounds), id 0xc0000005]

Native frames: (J=compiled Java code, j=interpreted, Vv=VM code, C=native code)


Current CompileTask:
C2:   7145 1525   !   4       java.net.URLClassLoader$1::run (63 bytes)


---------------  P R O C E S S  ---------------

Java Threads: ( => current thread )
  0x000000001bd0d800 JavaThread "Cache worker for file hash cache (C:\Users\User\StudioProjects\Horario\.gradle\4.4\fileHashes)" [_thread_blocked, id=10324, stack(0x000000001cad0000,0x000000001cbd0000)]
  0x00000000187c9000 JavaThread "File lock request listener" [_thread_in_native, id=7416, stack(0x000000001b890000,0x000000001b990000)]
  0x00000000187c8800 JavaThread "Cache worker for file hash cache (C:\Users\User\.gradle\caches\4.4\fileHashes)" [_thread_blocked, id=1428, stack(0x000000001b790000,0x000000001b890000)]
  0x00000000194b7000 JavaThread "Stdin handler" [_thread_blocked, id=11240, stack(0x000000001b490000,0x000000001b590000)]
  0x0000000018f79000 JavaThread "Asynchronous log dispatcher for DefaultDaemonConnection: socket connection from /127.0.0.1:56403 to /127.0.0.1:56404" [_thread_blocked, id=1396, stack(0x000000001b390000,0x000000001b490000)]
  0x0000000019cdb000 JavaThread "Daemon worker" [_thread_in_native, id=8100, stack(0x000000001b290000,0x000000001b390000)]
  0x0000000019cd9800 JavaThread "Cancel handler" [_thread_blocked, id=14236, stack(0x000000001b190000,0x000000001b290000)]
  0x0000000019c0e800 JavaThread "Handler for socket connection from /127.0.0.1:56403 to /127.0.0.1:56404" [_thread_in_native, id=12180, stack(0x000000001ae90000,0x000000001af90000)]
  0x0000000019c0d800 JavaThread "Daemon" [_thread_blocked, id=3716, stack(0x000000001ad90000,0x000000001ae90000)]
  0x0000000019abe000 JavaThread "Daemon periodic checks" [_thread_blocked, id=10904, stack(0x000000001ac90000,0x000000001ad90000)]
  0x0000000019c9d000 JavaThread "Incoming local TCP Connector on port 56403" [_thread_in_native, id=12184, stack(0x000000001aa20000,0x000000001ab20000)]
  0x0000000016ded000 JavaThread "Service Thread" daemon [_thread_blocked, id=11928, stack(0x0000000018b10000,0x0000000018c10000)]
  0x0000000018620800 JavaThread "C1 CompilerThread2" daemon [_thread_blocked, id=6996, stack(0x0000000018a10000,0x0000000018b10000)]
  0x0000000016de3000 JavaThread "C2 CompilerThread1" daemon [_thread_in_native, id=6852, stack(0x0000000018510000,0x0000000018610000)]
=>0x0000000016d8a000 JavaThread "C2 CompilerThread0" daemon [_thread_in_native, id=7760, stack(0x0000000018410000,0x0000000018510000)]
  0x0000000016d96800 JavaThread "Attach Listener" daemon [_thread_blocked, id=6264, stack(0x0000000018310000,0x0000000018410000)]
  0x0000000016d95800 JavaThread "Signal Dispatcher" daemon [_thread_blocked, id=7884, stack(0x0000000018210000,0x0000000018310000)]
  0x000000000341c000 JavaThread "Finalizer" daemon [_thread_blocked, id=14184, stack(0x0000000017ff0000,0x00000000180f0000)]
  0x0000000003411800 JavaThread "Reference Handler" daemon [_thread_blocked, id=7236, stack(0x0000000017ef0000,0x0000000017ff0000)]
  0x000000000140d800 JavaThread "main" [_thread_blocked, id=11144, stack(0x0000000003220000,0x0000000003320000)]

Other Threads:
  0x0000000016d55800 VMThread [stack: 0x0000000017df0000,0x0000000017ef0000] [id=5764]
  0x0000000016dee000 WatcherThread [stack: 0x0000000018c10000,0x0000000018d10000] [id=9200]

VM state:not at safepoint (normal execution)

VM Mutex/Monitor currently owned by a thread: None

Heap:
 PSYoungGen      total 20992K, used 12808K [0x00000000e0000000, 0x00000000e2b00000, 0x0000000100000000)
  eden space 15872K, 51% used [0x00000000e0000000,0x00000000e080b9c0,0x00000000e0f80000)
  from space 5120K, 89% used [0x00000000e1500000,0x00000000e1976788,0x00000000e1a00000)
  to   space 5632K, 0% used [0x00000000e0f80000,0x00000000e0f80000,0x00000000e1500000)
 ParOldGen       total 44032K, used 4885K [0x00000000a0000000, 0x00000000a2b00000, 0x00000000e0000000)
  object space 44032K, 11% used [0x00000000a0000000,0x00000000a04c5648,0x00000000a2b00000)
 Metaspace       used 15450K, capacity 15770K, committed 15872K, reserved 1062912K
  class space    used 2176K, capacity 2287K, committed 2304K, reserved 1048576K

Card table byte_map: [0x00000000127e0000,0x0000000012af0000] byte_map_base: 0x00000000122e0000

Marking Bits: (ParMarkBitMap*) 0x0000000059864970
 Begin Bits: [0x00000000130f0000, 0x00000000148f0000)
 End Bits:   [0x00000000148f0000, 0x00000000160f0000)

Polling page: 0x0000000000ff0000

CodeCache: size=245760Kb used=5182Kb max_used=5182Kb free=240577Kb
 bounds [0x0000000003420000, 0x0000000003940000, 0x0000000012420000]
 total_blobs=1897 nmethods=1524 adapters=286
 compilation: enabled

Compilation events (10 events):
Event: 6.949 Thread 0x0000000018620800 nmethod 1521 0x0000000003925bd0 code [0x0000000003925d40, 0x0000000003925ec8]
Event: 6.950 Thread 0x0000000018620800 1522       1       sun.misc.ProxyGenerator::access$800 (5 bytes)
Event: 6.950 Thread 0x0000000018620800 nmethod 1522 0x0000000003925910 code [0x0000000003925a60, 0x0000000003925b50]
Event: 6.950 Thread 0x0000000018620800 1523       3       java.lang.Class::arrayContentsEq (70 bytes)
Event: 6.950 Thread 0x0000000018620800 nmethod 1523 0x00000000039251d0 code [0x0000000003925360, 0x0000000003925790]
Event: 6.951 Thread 0x0000000018620800 1524       3       sun.misc.ProxyGenerator::access$700 (7 bytes)
Event: 6.951 Thread 0x0000000018620800 nmethod 1524 0x0000000003931410 code [0x0000000003931580, 0x0000000003931768]
Event: 6.955 Thread 0x0000000016d8a000 1525   !   4       java.net.URLClassLoader$1::run (63 bytes)
Event: 6.960 Thread 0x0000000018620800 1526       3       java.util.ArrayList::isEmpty (13 bytes)
Event: 6.960 Thread 0x0000000018620800 nmethod 1526 0x0000000003931890 code [0x00000000039319e0, 0x0000000003931b90]

GC Heap History (10 events):
Event: 1.339 GC heap before
{Heap before GC invocations=2 (full 0):
 PSYoungGen      total 18944K, used 18940K [0x00000000e0000000, 0x00000000e1500000, 0x0000000100000000)
  eden space 16384K, 100% used [0x00000000e0000000,0x00000000e1000000,0x00000000e1000000)
  from space 2560K, 99% used [0x00000000e1000000,0x00000000e127f060,0x00000000e1280000)
  to   space 2560K, 0% used [0x00000000e1280000,0x00000000e1280000,0x00000000e1500000)
 ParOldGen       total 44032K, used 394K [0x00000000a0000000, 0x00000000a2b00000, 0x00000000e0000000)
  object space 44032K, 0% used [0x00000000a0000000,0x00000000a0062af0,0x00000000a2b00000)
 Metaspace       used 6901K, capacity 7122K, committed 7424K, reserved 1056768K
  class space    used 842K, capacity 911K, committed 1024K, reserved 1048576K
Event: 1.343 GC heap after
Heap after GC invocations=2 (full 0):
 PSYoungGen      total 18944K, used 2537K [0x00000000e0000000, 0x00000000e1500000, 0x0000000100000000)
  eden space 16384K, 0% used [0x00000000e0000000,0x00000000e0000000,0x00000000e1000000)
  from space 2560K, 99% used [0x00000000e1280000,0x00000000e14fa650,0x00000000e1500000)
  to   space 2560K, 0% used [0x00000000e1000000,0x00000000e1000000,0x00000000e1280000)
 ParOldGen       total 44032K, used 416K [0x00000000a0000000, 0x00000000a2b00000, 0x00000000e0000000)
  object space 44032K, 0% used [0x00000000a0000000,0x00000000a0068288,0x00000000a2b00000)
 Metaspace       used 6901K, capacity 7122K, committed 7424K, reserved 1056768K
  class space    used 842K, capacity 911K, committed 1024K, reserved 1048576K
}
Event: 1.655 GC heap before
{Heap before GC invocations=3 (full 0):
 PSYoungGen      total 18944K, used 18921K [0x00000000e0000000, 0x00000000e1500000, 0x0000000100000000)
  eden space 16384K, 100% used [0x00000000e0000000,0x00000000e1000000,0x00000000e1000000)
  from space 2560K, 99% used [0x00000000e1280000,0x00000000e14fa650,0x00000000e1500000)
  to   space 2560K, 0% used [0x00000000e1000000,0x00000000e1000000,0x00000000e1280000)
 ParOldGen       total 44032K, used 416K [0x00000000a0000000, 0x00000000a2b00000, 0x00000000e0000000)
  object space 44032K, 0% used [0x00000000a0000000,0x00000000a0068288,0x00000000a2b00000)
 Metaspace       used 7239K, capacity 7468K, committed 7680K, reserved 1056768K
  class space    used 912K, capacity 984K, committed 1024K, reserved 1048576K
Event: 1.659 GC heap after
Heap after GC invocations=3 (full 0):
 PSYoungGen      total 18944K, used 2530K [0x00000000e0000000, 0x00000000e1500000, 0x0000000100000000)
  eden space 16384K, 0% used [0x00000000e0000000,0x00000000e0000000,0x00000000e1000000)
  from space 2560K, 98% used [0x00000000e1000000,0x00000000e1278b80,0x00000000e1280000)
  to   space 2560K, 0% used [0x00000000e1280000,0x00000000e1280000,0x00000000e1500000)
 ParOldGen       total 44032K, used 745K [0x00000000a0000000, 0x00000000a2b00000, 0x00000000e0000000)
  object space 44032K, 1% used [0x00000000a0000000,0x00000000a00ba7b8,0x00000000a2b00000)
 Metaspace       used 7239K, capacity 7468K, committed 7680K, reserved 1056768K
  class space    used 912K, capacity 984K, committed 1024K, reserved 1048576K
}
Event: 4.206 GC heap before
{Heap before GC invocations=4 (full 0):
 PSYoungGen      total 18944K, used 18914K [0x00000000e0000000, 0x00000000e1500000, 0x0000000100000000)
  eden space 16384K, 100% used [0x00000000e0000000,0x00000000e1000000,0x00000000e1000000)
  from space 2560K, 98% used [0x00000000e1000000,0x00000000e1278b80,0x00000000e1280000)
  to   space 2560K, 0% used [0x00000000e1280000,0x00000000e1280000,0x00000000e1500000)
 ParOldGen       total 44032K, used 745K [0x00000000a0000000, 0x00000000a2b00000, 0x00000000e0000000)
  object space 44032K, 1% used [0x00000000a0000000,0x00000000a00ba7b8,0x00000000a2b00000)
 Metaspace       used 11596K, capacity 11930K, committed 12160K, reserved 1060864K
  class space    used 1527K, capacity 1635K, committed 1664K, reserved 1048576K
Event: 4.217 GC heap after
Heap after GC invocations=4 (full 0):
 PSYoungGen      total 18944K, used 2544K [0x00000000e0000000, 0x00000000e1500000, 0x0000000100000000)
  eden space 16384K, 0% used [0x00000000e0000000,0x00000000e0000000,0x00000000e1000000)
  from space 2560K, 99% used [0x00000000e1280000,0x00000000e14fc010,0x00000000e1500000)
  to   space 2560K, 0% used [0x00000000e1000000,0x00000000e1000000,0x00000000e1280000)
 ParOldGen       total 44032K, used 3073K [0x00000000a0000000, 0x00000000a2b00000, 0x00000000e0000000)
  object space 44032K, 6% used [0x00000000a0000000,0x00000000a03007c0,0x00000000a2b00000)
 Metaspace       used 11596K, capacity 11930K, committed 12160K, reserved 1060864K
  class space    used 1527K, capacity 1635K, committed 1664K, reserved 1048576K
}
Event: 6.042 GC heap before
{Heap before GC invocations=5 (full 0):
 PSYoungGen      total 18944K, used 18928K [0x00000000e0000000, 0x00000000e1500000, 0x0000000100000000)
  eden space 16384K, 100% used [0x00000000e0000000,0x00000000e1000000,0x00000000e1000000)
  from space 2560K, 99% used [0x00000000e1280000,0x00000000e14fc010,0x00000000e1500000)
  to   space 2560K, 0% used [0x00000000e1000000,0x00000000e1000000,0x00000000e1280000)
 ParOldGen       total 44032K, used 3073K [0x00000000a0000000, 0x00000000a2b00000, 0x00000000e0000000)
  object space 44032K, 6% used [0x00000000a0000000,0x00000000a03007c0,0x00000000a2b00000)
 Metaspace       used 13079K, capacity 13494K, committed 13824K, reserved 1060864K
  class space    used 1776K, capacity 1933K, committed 2048K, reserved 1048576K
Event: 6.059 GC heap after
Heap after GC invocations=5 (full 0):
 PSYoungGen      total 18944K, used 2528K [0x00000000e0000000, 0x00000000e1a00000, 0x0000000100000000)
  eden space 16384K, 0% used [0x00000000e0000000,0x00000000e0000000,0x00000000e1000000)
  from space 2560K, 98% used [0x00000000e1000000,0x00000000e1278040,0x00000000e1280000)
  to   space 5120K, 0% used [0x00000000e1500000,0x00000000e1500000,0x00000000e1a00000)
 ParOldGen       total 44032K, used 4885K [0x00000000a0000000, 0x00000000a2b00000, 0x00000000e0000000)
  object space 44032K, 11% used [0x00000000a0000000,0x00000000a04c5648,0x00000000a2b00000)
 Metaspace       used 13079K, capacity 13494K, committed 13824K, reserved 1060864K
  class space    used 1776K, capacity 1933K, committed 2048K, reserved 1048576K
}
Event: 6.348 GC heap before
{Heap before GC invocations=6 (full 0):
 PSYoungGen      total 18944K, used 18912K [0x00000000e0000000, 0x00000000e1a00000, 0x0000000100000000)
  eden space 16384K, 100% used [0x00000000e0000000,0x00000000e1000000,0x00000000e1000000)
  from space 2560K, 98% used [0x00000000e1000000,0x00000000e1278040,0x00000000e1280000)
  to   space 5120K, 0% used [0x00000000e1500000,0x00000000e1500000,0x00000000e1a00000)
 ParOldGen       total 44032K, used 4885K [0x00000000a0000000, 0x00000000a2b00000, 0x00000000e0000000)
  object space 44032K, 11% used [0x00000000a0000000,0x00000000a04c5648,0x00000000a2b00000)
 Metaspace       used 14560K, capacity 15002K, committed 15232K, reserved 1062912K
  class space    used 2028K, capacity 2159K, committed 2176K, reserved 1048576K
Event: 6.358 GC heap after
Heap after GC invocations=6 (full 0):
 PSYoungGen      total 20992K, used 4569K [0x00000000e0000000, 0x00000000e2b00000, 0x0000000100000000)
  eden space 15872K, 0% used [0x00000000e0000000,0x00000000e0000000,0x00000000e0f80000)
  from space 5120K, 89% used [0x00000000e1500000,0x00000000e1976788,0x00000000e1a00000)
  to   space 5632K, 0% used [0x00000000e0f80000,0x00000000e0f80000,0x00000000e1500000)
 ParOldGen       total 44032K, used 4885K [0x00000000a0000000, 0x00000000a2b00000, 0x00000000e0000000)
  object space 44032K, 11% used [0x00000000a0000000,0x00000000a04c5648,0x00000000a2b00000)
 Metaspace       used 14560K, capacity 15002K, committed 15232K, reserved 1062912K
  class space    used 2028K, capacity 2159K, committed 2176K, reserved 1048576K
}

Deoptimization events (10 events):
Event: 2.185 Thread 0x000000000140d800 Uncommon trap: reason=bimorphic action=maybe_recompile pc=0x0000000003742f1c method=java.util.HashMap.putVal(ILjava/lang/Object;Ljava/lang/Object;ZZ)Ljava/lang/Object; @ 203
Event: 2.701 Thread 0x000000000140d800 Uncommon trap: reason=unstable_if action=reinterpret pc=0x00000000036f5964 method=java.io.WinNTFileSystem.normalize(Ljava/lang/String;)Ljava/lang/String; @ 128
Event: 2.702 Thread 0x000000000140d800 Uncommon trap: reason=unstable_if action=reinterpret pc=0x000000000372f8e0 method=java.io.WinNTFileSystem.normalize(Ljava/lang/String;II)Ljava/lang/String; @ 90
Event: 4.198 Thread 0x0000000019c0e800 Uncommon trap: reason=unstable_if action=reinterpret pc=0x00000000037b3554 method=java.util.concurrent.ConcurrentHashMap.putVal(Ljava/lang/Object;Ljava/lang/Object;Z)Ljava/lang/Object; @ 206
Event: 5.302 Thread 0x0000000019cdb000 Uncommon trap: reason=bimorphic action=maybe_recompile pc=0x0000000003742828 method=java.util.HashMap.putVal(ILjava/lang/Object;Ljava/lang/Object;ZZ)Ljava/lang/Object; @ 253
Event: 5.302 Thread 0x0000000019cdb000 Uncommon trap: reason=bimorphic action=maybe_recompile pc=0x0000000003742828 method=java.util.HashMap.putVal(ILjava/lang/Object;Ljava/lang/Object;ZZ)Ljava/lang/Object; @ 253
Event: 5.302 Thread 0x0000000019cdb000 Uncommon trap: reason=bimorphic action=maybe_recompile pc=0x0000000003742828 method=java.util.HashMap.putVal(ILjava/lang/Object;Ljava/lang/Object;ZZ)Ljava/lang/Object; @ 253
Event: 5.329 Thread 0x0000000019cdb000 Uncommon trap: reason=class_check action=maybe_recompile pc=0x00000000036953dc method=java.util.regex.Matcher.match(II)Z @ 86
Event: 6.208 Thread 0x0000000019cdb000 Uncommon trap: reason=class_check action=maybe_recompile pc=0x00000000036953dc method=java.util.regex.Matcher.match(II)Z @ 86
Event: 6.338 Thread 0x0000000019cdb000 Uncommon trap: reason=unstable_if action=reinterpret pc=0x00000000038ae4f4 method=java.lang.String.lastIndexOf([CII[CIII)I @ 66

Classes redefined (0 events):
No events

Internal exceptions (10 events):
Event: 4.243 Thread 0x0000000019c0e800 Exception <a 'java/lang/NoSuchMethodError': <clinit>> (0x00000000e00766a8) thrown at [D:\src\AOSP-openjdk-cygwin\jdk8u\hotspot\src\share\vm\prims\jni.cpp, line 1613]
Event: 4.246 Thread 0x0000000019c0e800 Exception <a 'java/lang/NoSuchMethodError': <clinit>> (0x00000000e0099620) thrown at [D:\src\AOSP-openjdk-cygwin\jdk8u\hotspot\src\share\vm\prims\jni.cpp, line 1613]
Event: 4.246 Thread 0x0000000019c0e800 Exception <a 'java/lang/NoSuchMethodError': <clinit>> (0x00000000e00a2110) thrown at [D:\src\AOSP-openjdk-cygwin\jdk8u\hotspot\src\share\vm\prims\jni.cpp, line 1613]
Event: 4.248 Thread 0x0000000019c0e800 Exception <a 'java/lang/NoSuchMethodError': <clinit>> (0x00000000e00b3778) thrown at [D:\src\AOSP-openjdk-cygwin\jdk8u\hotspot\src\share\vm\prims\jni.cpp, line 1613]
Event: 4.355 Thread 0x0000000019c0e800 Exception <a 'java/lang/NoSuchMethodError': <clinit>> (0x00000000e01203b0) thrown at [D:\src\AOSP-openjdk-cygwin\jdk8u\hotspot\src\share\vm\prims\jni.cpp, line 1613]
Event: 4.704 Thread 0x0000000019c0e800 Exception <a 'java/lang/NoSuchMethodError': <clinit>> (0x00000000e0143c98) thrown at [D:\src\AOSP-openjdk-cygwin\jdk8u\hotspot\src\share\vm\prims\jni.cpp, line 1613]
Event: 4.888 Thread 0x0000000019c0e800 Exception <a 'java/lang/NoSuchMethodError': <clinit>> (0x00000000e015ed78) thrown at [D:\src\AOSP-openjdk-cygwin\jdk8u\hotspot\src\share\vm\prims\jni.cpp, line 1613]
Event: 4.895 Thread 0x0000000019c0e800 Exception <a 'java/lang/NoSuchMethodError': <clinit>> (0x00000000e0181c00) thrown at [D:\src\AOSP-openjdk-cygwin\jdk8u\hotspot\src\share\vm\prims\jni.cpp, line 1613]
Event: 5.175 Thread 0x0000000019cdb000 Exception <a 'java/lang/NoSuchMethodError': <clinit>> (0x00000000e02640f0) thrown at [D:\src\AOSP-openjdk-cygwin\jdk8u\hotspot\src\share\vm\prims\jni.cpp, line 1613]
Event: 5.176 Thread 0x0000000019cdb000 Exception <a 'java/lang/NoSuchMethodError': <clinit>> (0x00000000e026c378) thrown at [D:\src\AOSP-openjdk-cygwin\jdk8u\hotspot\src\share\vm\prims\jni.cpp, line 1613]

Events (10 events):
Event: 7.101 loading class org/gradle/api/provider/PropertyState
Event: 7.101 loading class org/gradle/api/provider/PropertyState done
Event: 7.101 loading class org/gradle/api/provider/Property
Event: 7.101 loading class org/gradle/api/provider/Property done
Event: 7.101 loading class org/gradle/api/provider/Provider
Event: 7.101 loading class org/gradle/api/provider/Provider done
Event: 7.102 loading class org/gradle/api/internal/provider/ProviderInternal
Event: 7.102 loading class org/gradle/api/internal/provider/ProviderInternal done
Event: 7.102 loading class org/gradle/model/internal/asm/AsmClassGenerator
Event: 7.102 loading class org/gradle/model/internal/asm/AsmClassGenerator done


Dynamic libraries:
0x00007ff644ec0000 - 0x00007ff644ef1000 	C:\Program Files\Android\Android Studio\jre\bin\java.exe
0x00007ffe84150000 - 0x00007ffe84331000 	C:\WINDOWS\SYSTEM32\ntdll.dll
0x00007ffe82450000 - 0x00007ffe82502000 	C:\WINDOWS\System32\KERNEL32.DLL
0x00007ffe80920000 - 0x00007ffe80b93000 	C:\WINDOWS\System32\KERNELBASE.dll
0x00007ffe83fe0000 - 0x00007ffe84081000 	C:\WINDOWS\System32\ADVAPI32.dll
0x00007ffe823b0000 - 0x00007ffe8244e000 	C:\WINDOWS\System32\msvcrt.dll
0x00007ffe815b0000 - 0x00007ffe8160b000 	C:\WINDOWS\System32\sechost.dll
0x00007ffe82510000 - 0x00007ffe82634000 	C:\WINDOWS\System32\RPCRT4.dll
0x00007ffe82140000 - 0x00007ffe822d0000 	C:\WINDOWS\System32\USER32.dll
0x00007ffe80570000 - 0x00007ffe80590000 	C:\WINDOWS\System32\win32u.dll
0x00007ffe81d90000 - 0x00007ffe81db8000 	C:\WINDOWS\System32\GDI32.dll
0x00007ffe81410000 - 0x00007ffe815a2000 	C:\WINDOWS\System32\gdi32full.dll
0x00007ffe80880000 - 0x00007ffe8091f000 	C:\WINDOWS\System32\msvcp_win.dll
0x00007ffe80590000 - 0x00007ffe8068a000 	C:\WINDOWS\System32\ucrtbase.dll
0x00007ffe6f830000 - 0x00007ffe6fa99000 	C:\WINDOWS\WinSxS\amd64_microsoft.windows.common-controls_6595b64144ccf1df_6.0.17134.81_none_b4b229fe3cb4cfa3\COMCTL32.dll
0x00007ffe82640000 - 0x00007ffe82963000 	C:\WINDOWS\System32\combase.dll
0x00007ffe804f0000 - 0x00007ffe8056a000 	C:\WINDOWS\System32\bcryptPrimitives.dll
0x00007ffe83fb0000 - 0x00007ffe83fdd000 	C:\WINDOWS\System32\IMM32.DLL
0x0000000058fc0000 - 0x0000000059092000 	C:\Program Files\Android\Android Studio\jre\jre\bin\msvcr100.dll
0x00000000590a0000 - 0x00000000598df000 	C:\Program Files\Android\Android Studio\jre\jre\bin\server\jvm.dll
0x00007ffe81790000 - 0x00007ffe81798000 	C:\WINDOWS\System32\PSAPI.DLL
0x00007ffe71c70000 - 0x00007ffe71c79000 	C:\WINDOWS\SYSTEM32\WSOCK32.dll
0x00007ffe7a430000 - 0x00007ffe7a43a000 	C:\WINDOWS\SYSTEM32\VERSION.dll
0x00007ffe71550000 - 0x00007ffe71573000 	C:\WINDOWS\SYSTEM32\WINMM.dll
0x00007ffe82a40000 - 0x00007ffe82aac000 	C:\WINDOWS\System32\WS2_32.dll
0x00007ffe71520000 - 0x00007ffe7154a000 	C:\WINDOWS\SYSTEM32\winmmbase.dll
0x00007ffe81360000 - 0x00007ffe813a9000 	C:\WINDOWS\System32\cfgmgr32.dll
0x00007ffe7e830000 - 0x00007ffe7e83f000 	C:\Program Files\Android\Android Studio\jre\jre\bin\verify.dll
0x00007ffe7e320000 - 0x00007ffe7e349000 	C:\Program Files\Android\Android Studio\jre\jre\bin\java.dll
0x00007ffe7c7b0000 - 0x00007ffe7c7c6000 	C:\Program Files\Android\Android Studio\jre\jre\bin\zip.dll
0x00007ffe82ad0000 - 0x00007ffe83f10000 	C:\WINDOWS\System32\SHELL32.dll
0x00007ffe81e30000 - 0x00007ffe81ed9000 	C:\WINDOWS\System32\shcore.dll
0x00007ffe80ba0000 - 0x00007ffe812ad000 	C:\WINDOWS\System32\windows.storage.dll
0x00007ffe84090000 - 0x00007ffe840e1000 	C:\WINDOWS\System32\shlwapi.dll
0x00007ffe804d0000 - 0x00007ffe804e1000 	C:\WINDOWS\System32\kernel.appcore.dll
0x00007ffe804b0000 - 0x00007ffe804cf000 	C:\WINDOWS\System32\profapi.dll
0x00007ffe80440000 - 0x00007ffe8048c000 	C:\WINDOWS\System32\powrprof.dll
0x00007ffe80430000 - 0x00007ffe8043a000 	C:\WINDOWS\System32\FLTLIB.DLL
0x00007ffe7c790000 - 0x00007ffe7c7aa000 	C:\Program Files\Android\Android Studio\jre\jre\bin\net.dll
0x00007ffe7fc50000 - 0x00007ffe7fcb6000 	C:\WINDOWS\system32\mswsock.dll
0x00007ffe7c770000 - 0x00007ffe7c781000 	C:\Program Files\Android\Android Studio\jre\jre\bin\nio.dll
0x00007ffe79a60000 - 0x00007ffe79a7e000 	C:\Users\User\.gradle\native\25\windows-amd64\native-platform.dll
0x00007ffe7c5c0000 - 0x00007ffe7c5cd000 	C:\Program Files\Android\Android Studio\jre\jre\bin\management.dll
0x00007ffe7fe10000 - 0x00007ffe7fe27000 	C:\WINDOWS\SYSTEM32\CRYPTSP.dll
0x00007ffe7f830000 - 0x00007ffe7f863000 	C:\WINDOWS\system32\rsaenh.dll
0x00007ffe7ff30000 - 0x00007ffe7ff55000 	C:\WINDOWS\SYSTEM32\bcrypt.dll
0x00007ffe80360000 - 0x00007ffe80388000 	C:\WINDOWS\SYSTEM32\USERENV.dll
0x00007ffe7fe00000 - 0x00007ffe7fe0b000 	C:\WINDOWS\SYSTEM32\CRYPTBASE.dll
0x00007ffe7f9d0000 - 0x00007ffe7fa08000 	C:\WINDOWS\SYSTEM32\IPHLPAPI.DLL
0x00007ffe82130000 - 0x00007ffe82138000 	C:\WINDOWS\System32\NSI.dll
0x00007ffe77620000 - 0x00007ffe77636000 	C:\WINDOWS\SYSTEM32\dhcpcsvc6.DLL
0x00007ffe77790000 - 0x00007ffe777aa000 	C:\WINDOWS\SYSTEM32\dhcpcsvc.DLL

VM Arguments:
jvm_args: -Xmx1536m -Dfile.encoding=windows-1252 -Duser.country=DE -Duser.language=de -Duser.variant 
java_command: org.gradle.launcher.daemon.bootstrap.GradleDaemon 4.4
java_class_path (initial): C:\Users\User\.gradle\wrapper\dists\gradle-4.4-all\9br9xq1tocpiv8o6njlyu5op1\gradle-4.4\lib\gradle-launcher-4.4.jar
Launcher Type: SUN_STANDARD

Environment Variables:
PATH=C:\ProgramData\Oracle\Java\javapath;C:\Program Files (x86)\Intel\iCLS Client\;C:\Program Files\Intel\iCLS Client\;C:\WINDOWS\system32;C:\WINDOWS;C:\WINDOWS\System32\Wbem;C:\WINDOWS\System32\WindowsPowerShell\v1.0\;C:\Program Files (x86)\Intel\OpenCL SDK\2.0\bin\x86;C:\Program Files (x86)\Intel\OpenCL SDK\2.0\bin\x64;C:\Program Files\Intel\Intel(R) Management Engine Components\DAL;C:\Program Files\Intel\Intel(R) Management Engine Components\IPT;C:\Program Files (x86)\Intel\Intel(R) Management Engine Components\DAL;C:\Program Files (x86)\Intel\Intel(R) Management Engine Components\IPT;C:\Program Files (x86)\Windows Live\Shared;C:\Program Files\Git\cmd;C:\WINDOWS\System32\OpenSSH\;C:\Users\User\AppData\Local\Microsoft\WindowsApps;;C:\Users\User\Documents\Visual_Studio_Code\Microsoft VS Code\bin
USERNAME=User
OS=Windows_NT
PROCESSOR_IDENTIFIER=Intel64 Family 6 Model 58 Stepping 9, GenuineIntel



---------------  S Y S T E M  ---------------

OS: Windows 10.0 , 64 bit Build 17134 (10.0.17134.1)

CPU:total 4 (initial active 4) (2 cores per cpu, 2 threads per core) family 6 model 58 stepping 9, cmov, cx8, fxsr, mmx, sse, sse2, sse3, ssse3, sse4.1, sse4.2, popcnt, avx, aes, clmul, erms, ht, tsc, tscinvbit, tscinv

Memory: 4k page, physical 4066584k(773512k free), swap 16649496k(4196k free)

vm_info: OpenJDK 64-Bit Server VM (25.152-b02) for windows-amd64 JRE (1.8.0_152-release-1024-b02), built by "builder" with MS VC++ 10.0 (VS2010)

time: Sat Jun 09 20:23:25 2018
elapsed time: 7 seconds (0d 0h 0m 7s)

